Determining if the strtod_l exist failed with the following output:
Change Dir: /home/itsp/semin/ccs22/CMakeFiles/CMakeTmp

Run Build Command(s):/usr/bin/make cmTC_4cb92/fast && /usr/bin/make -f CMakeFiles/cmTC_4cb92.dir/build.make CMakeFiles/cmTC_4cb92.dir/build
make[1]: Entering directory '/home/itsp/semin/ccs22/CMakeFiles/CMakeTmp'
Building C object CMakeFiles/cmTC_4cb92.dir/CheckSymbolExists.c.o
/usr/bin/cc    -o CMakeFiles/cmTC_4cb92.dir/CheckSymbolExists.c.o   -c /home/itsp/semin/ccs22/CMakeFiles/CMakeTmp/CheckSymbolExists.c
/home/itsp/semin/ccs22/CMakeFiles/CMakeTmp/CheckSymbolExists.c: In function ‘main’:
/home/itsp/semin/ccs22/CMakeFiles/CMakeTmp/CheckSymbolExists.c:8:19: error: ‘strtod_l’ undeclared (first use in this function); did you mean ‘strtoull’?
    8 |   return ((int*)(&strtod_l))[argc];
      |                   ^~~~~~~~
      |                   strtoull
/home/itsp/semin/ccs22/CMakeFiles/CMakeTmp/CheckSymbolExists.c:8:19: note: each undeclared identifier is reported only once for each function it appears in
CMakeFiles/cmTC_4cb92.dir/build.make:65: recipe for target 'CMakeFiles/cmTC_4cb92.dir/CheckSymbolExists.c.o' failed
make[1]: *** [CMakeFiles/cmTC_4cb92.dir/CheckSymbolExists.c.o] Error 1
make[1]: Leaving directory '/home/itsp/semin/ccs22/CMakeFiles/CMakeTmp'
Makefile:121: recipe for target 'cmTC_4cb92/fast' failed
make: *** [cmTC_4cb92/fast] Error 2


File /home/itsp/semin/ccs22/CMakeFiles/CMakeTmp/CheckSymbolExists.c:
/* */
#include <stdlib.h>

int main(int argc, char** argv)
{
  (void)argv;
#ifndef strtod_l
  return ((int*)(&strtod_l))[argc];
#else
  (void)argc;
  return 0;
#endif
}
Performing C SOURCE FILE Test CMAKE_HAVE_LIBC_PTHREAD failed with the following output:
Change Dir: /home/itsp/semin/ccs22/CMakeFiles/CMakeTmp

Run Build Command(s):/usr/bin/make cmTC_42fee/fast && /usr/bin/make -f CMakeFiles/cmTC_42fee.dir/build.make CMakeFiles/cmTC_42fee.dir/build
make[1]: Entering directory '/home/itsp/semin/ccs22/CMakeFiles/CMakeTmp'
Building C object CMakeFiles/cmTC_42fee.dir/src.c.o
/usr/bin/cc   -DCMAKE_HAVE_LIBC_PTHREAD   -o CMakeFiles/cmTC_42fee.dir/src.c.o   -c /home/itsp/semin/ccs22/CMakeFiles/CMakeTmp/src.c
Linking C executable cmTC_42fee
/usr/local/bin/cmake -E cmake_link_script CMakeFiles/cmTC_42fee.dir/link.txt --verbose=1
/usr/bin/cc  -DCMAKE_HAVE_LIBC_PTHREAD    -rdynamic CMakeFiles/cmTC_42fee.dir/src.c.o  -o cmTC_42fee 
CMakeFiles/cmTC_42fee.dir/src.c.o: In function `main':
src.c:(.text+0x3c): undefined reference to `pthread_create'
src.c:(.text+0x48): undefined reference to `pthread_detach'
src.c:(.text+0x59): undefined reference to `pthread_join'
src.c:(.text+0x6d): undefined reference to `pthread_atfork'
collect2: error: ld returned 1 exit status
CMakeFiles/cmTC_42fee.dir/build.make:86: recipe for target 'cmTC_42fee' failed
make[1]: *** [cmTC_42fee] Error 1
make[1]: Leaving directory '/home/itsp/semin/ccs22/CMakeFiles/CMakeTmp'
Makefile:121: recipe for target 'cmTC_42fee/fast' failed
make: *** [cmTC_42fee/fast] Error 2


Source file was:
#include <pthread.h>

void* test_func(void* data)
{
  return data;
}

int main(void)
{
  pthread_t thread;
  pthread_create(&thread, NULL, test_func, NULL);
  pthread_detach(thread);
  pthread_join(thread, NULL);
  pthread_atfork(NULL, NULL, NULL);
  pthread_exit(NULL);

  return 0;
}

Determining if the function pthread_create exists in the pthreads failed with the following output:
Change Dir: /home/itsp/semin/ccs22/CMakeFiles/CMakeTmp

Run Build Command(s):/usr/bin/make cmTC_da0ee/fast && /usr/bin/make -f CMakeFiles/cmTC_da0ee.dir/build.make CMakeFiles/cmTC_da0ee.dir/build
make[1]: Entering directory '/home/itsp/semin/ccs22/CMakeFiles/CMakeTmp'
Building C object CMakeFiles/cmTC_da0ee.dir/CheckFunctionExists.c.o
/usr/bin/cc   -DCHECK_FUNCTION_EXISTS=pthread_create   -o CMakeFiles/cmTC_da0ee.dir/CheckFunctionExists.c.o   -c /usr/local/share/cmake-3.16/Modules/CheckFunctionExists.c
Linking C executable cmTC_da0ee
/usr/local/bin/cmake -E cmake_link_script CMakeFiles/cmTC_da0ee.dir/link.txt --verbose=1
/usr/bin/cc  -DCHECK_FUNCTION_EXISTS=pthread_create    -rdynamic CMakeFiles/cmTC_da0ee.dir/CheckFunctionExists.c.o  -o cmTC_da0ee  -lpthreads 
/usr/bin/ld: cannot find -lpthreads
collect2: error: ld returned 1 exit status
CMakeFiles/cmTC_da0ee.dir/build.make:86: recipe for target 'cmTC_da0ee' failed
make[1]: *** [cmTC_da0ee] Error 1
make[1]: Leaving directory '/home/itsp/semin/ccs22/CMakeFiles/CMakeTmp'
Makefile:121: recipe for target 'cmTC_da0ee/fast' failed
make: *** [cmTC_da0ee/fast] Error 2



